Coarsening ratio cr=2

 Select coarsening ratio (cr>=1): cr=
 **************************************************
 * Staggering of coarse grid: sc=0 cell-centered  *
 * Staggering of fine   grid: sf=0 cell-centered  *
 **************************************************

 Min and max index on coarse grid:  imin=0  imax=3
 Min and max index on fine   grid: iimin=0 iimax=7

 Coarsening for MR: check interpolation points and weights
 ---------------------------------------------------------

 Find value at i=0 by interpolating over the following points and weights:
 (0,0.5)  (1,0.5)

 Find value at i=1 by interpolating over the following points and weights:
 (2,0.5)  (3,0.5)

 Find value at i=2 by interpolating over the following points and weights:
 (4,0.5)  (5,0.5)

 Find value at i=3 by interpolating over the following points and weights:
 (6,0.5)  (7,0.5)

 Refinement for MR: check interpolation points and weights
 ---------------------------------------------------------

 Min and max index on coarse grid:  imin=0  imax=3
 Min and max index on fine   grid: iimin=0 iimax=7

 Find value at ii=0 by interpolating over the following points and weights:
 (0,1.0)

 Find value at ii=1 by interpolating over the following points and weights:
 (0,1.0)

 Find value at ii=2 by interpolating over the following points and weights:
 (1,1.0)

 Find value at ii=3 by interpolating over the following points and weights:
 (1,1.0)

 Find value at ii=4 by interpolating over the following points and weights:
 (2,1.0)

 Find value at ii=5 by interpolating over the following points and weights:
 (2,1.0)

 Find value at ii=6 by interpolating over the following points and weights:
 (3,1.0)

 Find value at ii=7 by interpolating over the following points and weights:
 (3,1.0)

 **************************************************
 * Staggering of coarse grid: sc=0 cell-centered  *
 * Staggering of fine   grid: sf=1 nodal          *
 **************************************************

 Min and max index on coarse grid:  imin=-1  imax=4
 Min and max index on fine   grid: iimin=0 iimax=8

 Coarsening for MR: check interpolation points and weights
 ---------------------------------------------------------

 Find value at i=-1 by interpolating over the following points and weights:
 (-2,0.25)  (-1,0.5)  (0,0.25)

 Find value at i=0 by interpolating over the following points and weights:
 (0,0.25)  (1,0.5)  (2,0.25)

 Find value at i=1 by interpolating over the following points and weights:
 (2,0.25)  (3,0.5)  (4,0.25)

 Find value at i=2 by interpolating over the following points and weights:
 (4,0.25)  (5,0.5)  (6,0.25)

 Find value at i=3 by interpolating over the following points and weights:
 (6,0.25)  (7,0.5)  (8,0.25)

 Find value at i=4 by interpolating over the following points and weights:
 (8,0.25)  (9,0.5)  (10,0.25)

 Refinement for MR: check interpolation points and weights
 ---------------------------------------------------------

 WARNING: sc=0 not equal to sf=1, not implemented for Refinement for MR, continue ...

 **************************************************
 * Staggering of coarse grid: sc=1 nodal          *
 * Staggering of fine   grid: sf=0 cell-centered  *
 **************************************************

 Min and max index on coarse grid:  imin=0  imax=4
 Min and max index on fine   grid: iimin=0 iimax=7

 Coarsening for MR: check interpolation points and weights
 ---------------------------------------------------------

 Find value at i=0 by interpolating over the following points and weights:
 (-1,0.5)  (0,0.5)

 Find value at i=1 by interpolating over the following points and weights:
 (1,0.5)  (2,0.5)

 Find value at i=2 by interpolating over the following points and weights:
 (3,0.5)  (4,0.5)

 Find value at i=3 by interpolating over the following points and weights:
 (5,0.5)  (6,0.5)

 Find value at i=4 by interpolating over the following points and weights:
 (7,0.5)  (8,0.5)

 Refinement for MR: check interpolation points and weights
 ---------------------------------------------------------

 WARNING: sc=1 not equal to sf=0, not implemented for Refinement for MR, continue ...

 **************************************************
 * Staggering of coarse grid: sc=1 nodal          *
 * Staggering of fine   grid: sf=1 nodal          *
 **************************************************

 Min and max index on coarse grid:  imin=0  imax=4
 Min and max index on fine   grid: iimin=0 iimax=8

 Coarsening for MR: check interpolation points and weights
 ---------------------------------------------------------

 Find value at i=0 by interpolating over the following points and weights:
 (-1,0.25)  (0,0.5)  (1,0.25)

 Find value at i=1 by interpolating over the following points and weights:
 (1,0.25)  (2,0.5)  (3,0.25)

 Find value at i=2 by interpolating over the following points and weights:
 (3,0.25)  (4,0.5)  (5,0.25)

 Find value at i=3 by interpolating over the following points and weights:
 (5,0.25)  (6,0.5)  (7,0.25)

 Find value at i=4 by interpolating over the following points and weights:
 (7,0.25)  (8,0.5)  (9,0.25)

 Refinement for MR: check interpolation points and weights
 ---------------------------------------------------------

 Min and max index on coarse grid:  imin=0  imax=3
 Min and max index on fine   grid: iimin=-1 iimax=7

 Find value at ii=-1 by interpolating over the following points and weights:
 (-1,1.0)  (0,1.0)

 Find value at ii=0 by interpolating over the following points and weights:
 (0,1.0)

 Find value at ii=1 by interpolating over the following points and weights:
 (0,0.5)  (1,0.5)

 Find value at ii=2 by interpolating over the following points and weights:
 (1,1.0)

 Find value at ii=3 by interpolating over the following points and weights:
 (1,0.5)  (2,0.5)

 Find value at ii=4 by interpolating over the following points and weights:
 (2,1.0)

 Find value at ii=5 by interpolating over the following points and weights:
 (2,0.5)  (3,0.5)

 Find value at ii=6 by interpolating over the following points and weights:
 (3,1.0)

 Find value at ii=7 by interpolating over the following points and weights:
 (3,1.0)  (4,1.0)

 ERROR: sum of weights ws=2.5 should be cr=2 for i=0

 ERROR: sum of weights ws=2.5 should be cr=2 for i=3
